<?xml version="1.0" encoding="UTF-8"?>
<robot generator="Robot 7.4.2 (Python 3.14.4 on win32)" generated="2026-05-12T17:52:18.929690" rpa="false" schemaversion="5">
<suite id="s1" name="Tests" source="C:\Wipro Training\Robot\day15assignment\Tests">
<suite id="s1-s1" name="Invalid Login Tests" source="C:\Wipro Training\Robot\day15assignment\Tests\invalid_login_tests.robot">
<kw name="Open Browser" owner="SeleniumLibrary" type="SETUP">
<msg time="2026-05-12T17:52:19.480568" level="INFO">Opening browser 'edge' to base url 'https://www.saucedemo.com'.</msg>
<arg>https://www.saucedemo.com</arg>
<arg>edge</arg>
<doc>Opens a new browser instance to the optional ``url``.</doc>
<status status="PASS" start="2026-05-12T17:52:19.480020" elapsed="3.538311"/>
</kw>
<test id="s1-s1-t1" name="Invalid User Login" line="11">
<kw name="Invalid Login Scenario" owner="login_resources">
<msg time="2026-05-12T17:52:23.044779" level="FAIL">Keyword 'login_resources.Invalid Login Scenario' expected 3 arguments, got 2.</msg>
<arg>Set Test Documentation</arg>
<arg>Verify error message for invalid user login.</arg>
<status status="FAIL" start="2026-05-12T17:52:23.044447" elapsed="0.000420">Keyword 'login_resources.Invalid Login Scenario' expected 3 arguments, got 2.</status>
</kw>
<kw name="Invalid Login Scenario" owner="login_resources">
<kw name="Login To Application" owner="login_resources">
<kw name="Input Text" owner="SeleniumLibrary">
<msg time="2026-05-12T17:52:23.074363" level="INFO">Typing text 'invalid_user' into text field 'id:user-name'.</msg>
<arg>${USERNAME_FIELD}</arg>
<arg>${username}</arg>
<doc>Types the given ``text`` into the text field identified by ``locator``.</doc>
<status status="PASS" start="2026-05-12T17:52:23.073783" elapsed="0.466478"/>
</kw>
<kw name="Input Text" owner="SeleniumLibrary">
<msg time="2026-05-12T17:52:23.542273" level="INFO">Typing text 'secret_sauce' into text field 'id:password'.</msg>
<arg>${PASSWORD_FIELD}</arg>
<arg>${password}</arg>
<doc>Types the given ``text`` into the text field identified by ``locator``.</doc>
<status status="PASS" start="2026-05-12T17:52:23.541817" elapsed="0.327775"/>
</kw>
<kw name="Click Button" owner="SeleniumLibrary">
<msg time="2026-05-12T17:52:23.893129" level="INFO">Clicking button 'id:login-button'.</msg>
<arg>${LOGIN_BUTTON}</arg>
<doc>Clicks the button identified by ``locator``.</doc>
<status status="PASS" start="2026-05-12T17:52:23.892645" elapsed="0.146761"/>
</kw>
<arg>${username}</arg>
<arg>${password}</arg>
<status status="PASS" start="2026-05-12T17:52:23.073283" elapsed="0.967424"/>
</kw>
<kw name="Wait Until Element Is Visible" owner="SeleniumLibrary">
<arg>${ERROR_MESSAGE}</arg>
<arg>timeout=5s</arg>
<doc>Waits until the element ``locator`` is visible.</doc>
<status status="PASS" start="2026-05-12T17:52:24.041071" elapsed="0.045789"/>
</kw>
<kw name="Get Text" owner="SeleniumLibrary">
<msg time="2026-05-12T17:52:24.127018" level="INFO">${actual_error} = Epic sadface: Username and password do not match any user in this service</msg>
<var>${actual_error}</var>
<arg>${ERROR_MESSAGE}</arg>
<doc>Returns the text value of the element identified by ``locator``.</doc>
<status status="PASS" start="2026-05-12T17:52:24.087339" elapsed="0.039767"/>
</kw>
<kw name="Should Be Equal" owner="BuiltIn">
<arg>${actual_error}</arg>
<arg>${expected_error}</arg>
<doc>Fails if the given objects are unequal.</doc>
<status status="PASS" start="2026-05-12T17:52:24.128504" elapsed="0.000671"/>
</kw>
<arg>invalid_user</arg>
<arg>secret_sauce</arg>
<arg>Epic sadface: Username and password do not match any user in this service</arg>
<status status="PASS" start="2026-05-12T17:52:23.072650" elapsed="1.056849"/>
</kw>
<tag>Critical</tag>
<tag>Regression</tag>
<tag>Smoke</tag>
<status status="FAIL" start="2026-05-12T17:52:23.020094" elapsed="1.110076">Keyword 'login_resources.Invalid Login Scenario' expected 3 arguments, got 2.</status>
</test>
<test id="s1-s1-t2" name="Locked Out User Login" line="16">
<kw name="Invalid Login Scenario" owner="login_resources">
<msg time="2026-05-12T17:52:24.134788" level="FAIL">Keyword 'login_resources.Invalid Login Scenario' expected 3 arguments, got 2.</msg>
<arg>Set Test Documentation</arg>
<arg>Verify error message for locked out user login.</arg>
<status status="FAIL" start="2026-05-12T17:52:24.134562" elapsed="0.000292">Keyword 'login_resources.Invalid Login Scenario' expected 3 arguments, got 2.</status>
</kw>
<kw name="Invalid Login Scenario" owner="login_resources">
<kw name="Login To Application" owner="login_resources">
<kw name="Input Text" owner="SeleniumLibrary">
<msg time="2026-05-12T17:52:24.137442" level="INFO">Typing text 'locked_out_user' into text field 'id:user-name'.</msg>
<arg>${USERNAME_FIELD}</arg>
<arg>${username}</arg>
<doc>Types the given ``text`` into the text field identified by ``locator``.</doc>
<status status="PASS" start="2026-05-12T17:52:24.137092" elapsed="0.219292"/>
</kw>
<kw name="Input Text" owner="SeleniumLibrary">
<msg time="2026-05-12T17:52:24.358137" level="INFO">Typing text 'secret_sauce' into text field 'id:password'.</msg>
<arg>${PASSWORD_FIELD}</arg>
<arg>${password}</arg>
<doc>Types the given ``text`` into the text field identified by ``locator``.</doc>
<status status="PASS" start="2026-05-12T17:52:24.357753" elapsed="0.235690"/>
</kw>
<kw name="Click Button" owner="SeleniumLibrary">
<msg time="2026-05-12T17:52:24.595236" level="INFO">Clicking button 'id:login-button'.</msg>
<arg>${LOGIN_BUTTON}</arg>
<doc>Clicks the button identified by ``locator``.</doc>
<status status="PASS" start="2026-05-12T17:52:24.594801" elapsed="0.238301"/>
</kw>
<arg>${username}</arg>
<arg>${password}</arg>
<status status="PASS" start="2026-05-12T17:52:24.136654" elapsed="0.698266"/>
</kw>
<kw name="Wait Until Element Is Visible" owner="SeleniumLibrary">
<arg>${ERROR_MESSAGE}</arg>
<arg>timeout=5s</arg>
<doc>Waits until the element ``locator`` is visible.</doc>
<status status="PASS" start="2026-05-12T17:52:24.835338" elapsed="0.063261"/>
</kw>
<kw name="Get Text" owner="SeleniumLibrary">
<msg time="2026-05-12T17:52:24.944451" level="INFO">${actual_error} = Epic sadface: Sorry, this user has been locked out.</msg>
<var>${actual_error}</var>
<arg>${ERROR_MESSAGE}</arg>
<doc>Returns the text value of the element identified by ``locator``.</doc>
<status status="PASS" start="2026-05-12T17:52:24.899082" elapsed="0.045459"/>
</kw>
<kw name="Should Be Equal" owner="BuiltIn">
<arg>${actual_error}</arg>
<arg>${expected_error}</arg>
<doc>Fails if the given objects are unequal.</doc>
<status status="PASS" start="2026-05-12T17:52:24.945957" elapsed="0.000664"/>
</kw>
<arg>locked_out_user</arg>
<arg>secret_sauce</arg>
<arg>Epic sadface: Sorry, this user has been locked out.</arg>
<status status="PASS" start="2026-05-12T17:52:24.136160" elapsed="0.810746"/>
</kw>
<tag>Critical</tag>
<tag>Regression</tag>
<status status="FAIL" start="2026-05-12T17:52:24.133814" elapsed="0.813636">Keyword 'login_resources.Invalid Login Scenario' expected 3 arguments, got 2.</status>
</test>
<test id="s1-s1-t3" name="Problem User Login" line="21">
<kw name="Invalid Login Scenario" owner="login_resources">
<msg time="2026-05-12T17:52:24.953046" level="FAIL">Keyword 'login_resources.Invalid Login Scenario' expected 3 arguments, got 2.</msg>
<arg>Set Test Documentation</arg>
<arg>Verify behavior of problem_user account.</arg>
<status status="FAIL" start="2026-05-12T17:52:24.952807" elapsed="0.000315">Keyword 'login_resources.Invalid Login Scenario' expected 3 arguments, got 2.</status>
</kw>
<kw name="Invalid Login Scenario" owner="login_resources">
<kw name="Login To Application" owner="login_resources">
<kw name="Input Text" owner="SeleniumLibrary">
<msg time="2026-05-12T17:52:24.956788" level="INFO">Typing text 'problem_user' into text field 'id:user-name'.</msg>
<arg>${USERNAME_FIELD}</arg>
<arg>${username}</arg>
<doc>Types the given ``text`` into the text field identified by ``locator``.</doc>
<status status="PASS" start="2026-05-12T17:52:24.956403" elapsed="0.328045"/>
</kw>
<kw name="Input Text" owner="SeleniumLibrary">
<msg time="2026-05-12T17:52:25.286571" level="INFO">Typing text 'secret_sauce' into text field 'id:password'.</msg>
<arg>${PASSWORD_FIELD}</arg>
<arg>${password}</arg>
<doc>Types the given ``text`` into the text field identified by ``locator``.</doc>
<status status="PASS" start="2026-05-12T17:52:25.286061" elapsed="0.205250"/>
</kw>
<kw name="Click Button" owner="SeleniumLibrary">
<msg time="2026-05-12T17:52:25.493535" level="INFO">Clicking button 'id:login-button'.</msg>
<arg>${LOGIN_BUTTON}</arg>
<doc>Clicks the button identified by ``locator``.</doc>
<status status="PASS" start="2026-05-12T17:52:25.493122" elapsed="0.216604"/>
</kw>
<arg>${username}</arg>
<arg>${password}</arg>
<status status="PASS" start="2026-05-12T17:52:24.955896" elapsed="0.755022"/>
</kw>
<kw name="Wait Until Element Is Visible" owner="SeleniumLibrary">
<msg time="2026-05-12T17:52:31.026433" level="INFO" html="true">&lt;/td&gt;&lt;/tr&gt;&lt;tr&gt;&lt;td colspan="3"&gt;&lt;a href="selenium-screenshot-17.png"&gt;&lt;img src="selenium-screenshot-17.png" width="800px"&gt;&lt;/a&gt;</msg>
<msg time="2026-05-12T17:52:31.026693" level="FAIL">Element 'css:.error-message-container' not visible after 5 seconds.</msg>
<arg>${ERROR_MESSAGE}</arg>
<arg>timeout=5s</arg>
<doc>Waits until the element ``locator`` is visible.</doc>
<status status="FAIL" start="2026-05-12T17:52:25.711245" elapsed="5.319195">Element 'css:.error-message-container' not visible after 5 seconds.</status>
</kw>
<kw name="Get Text" owner="SeleniumLibrary">
<var>${actual_error}</var>
<arg>${ERROR_MESSAGE}</arg>
<doc>Returns the text value of the element identified by ``locator``.</doc>
<status status="NOT RUN" start="2026-05-12T17:52:31.031572" elapsed="0.000078"/>
</kw>
<kw name="Should Be Equal" owner="BuiltIn">
<arg>${actual_error}</arg>
<arg>${expected_error}</arg>
<doc>Fails if the given objects are unequal.</doc>
<status status="NOT RUN" start="2026-05-12T17:52:31.031883" elapsed="0.000054"/>
</kw>
<arg>problem_user</arg>
<arg>secret_sauce</arg>
<arg>Epic sadface: Username and password do not match any user in this service</arg>
<status status="FAIL" start="2026-05-12T17:52:24.955352" elapsed="6.076810">Element 'css:.error-message-container' not visible after 5 seconds.</status>
</kw>
<tag>Regression</tag>
<status status="FAIL" start="2026-05-12T17:52:24.951925" elapsed="6.080695">Several failures occurred:

1) Keyword 'login_resources.Invalid Login Scenario' expected 3 arguments, got 2.

2) Element 'css:.error-message-container' not visible after 5 seconds.</status>
</test>
<kw name="Close Browser" owner="SeleniumLibrary" type="TEARDOWN">
<doc>Closes the current browser.</doc>
<status status="PASS" start="2026-05-12T17:52:31.041239" elapsed="2.576955"/>
</kw>
<status status="FAIL" start="2026-05-12T17:52:19.087514" elapsed="14.530946"/>
</suite>
<suite id="s1-s2" name="Login Test" source="C:\Wipro Training\Robot\day15assignment\Tests\login_test.robot">
<kw name="Open Browser" owner="SeleniumLibrary" type="SETUP">
<msg time="2026-05-12T17:52:33.626705" level="INFO">Opening browser 'edge' to base url 'https://www.saucedemo.com'.</msg>
<arg>https://www.saucedemo.com</arg>
<arg>edge</arg>
<doc>Opens a new browser instance to the optional ``url``.</doc>
<status status="PASS" start="2026-05-12T17:52:33.626493" elapsed="2.996172"/>
</kw>
<test id="s1-s2-t1" name="Valid Login Test" line="9">
<kw name="Set Test Documentation" owner="BuiltIn">
<msg time="2026-05-12T17:52:36.628387" level="INFO">Set test documentation to:
Verify that a valid user can log in successfully.</msg>
<arg>Verify that a valid user can log in successfully.</arg>
<doc>Sets documentation for the current test case.</doc>
<status status="PASS" start="2026-05-12T17:52:36.627783" elapsed="0.000723"/>
</kw>
<kw name="Login To Application" owner="login_resources">
<kw name="Input Text" owner="SeleniumLibrary">
<msg time="2026-05-12T17:52:36.635291" level="INFO">Typing text 'standard_user' into text field 'id:user-name'.</msg>
<arg>${USERNAME_FIELD}</arg>
<arg>${username}</arg>
<doc>Types the given ``text`` into the text field identified by ``locator``.</doc>
<status status="PASS" start="2026-05-12T17:52:36.634753" elapsed="0.783552"/>
</kw>
<kw name="Input Text" owner="SeleniumLibrary">
<msg time="2026-05-12T17:52:37.420349" level="INFO">Typing text 'secret_sauce' into text field 'id:password'.</msg>
<arg>${PASSWORD_FIELD}</arg>
<arg>${password}</arg>
<doc>Types the given ``text`` into the text field identified by ``locator``.</doc>
<status status="PASS" start="2026-05-12T17:52:37.419774" elapsed="0.250623"/>
</kw>
<kw name="Click Button" owner="SeleniumLibrary">
<msg time="2026-05-12T17:52:37.672355" level="INFO">Clicking button 'id:login-button'.</msg>
<arg>${LOGIN_BUTTON}</arg>
<doc>Clicks the button identified by ``locator``.</doc>
<status status="PASS" start="2026-05-12T17:52:37.671807" elapsed="0.201136"/>
</kw>
<arg>standard_user</arg>
<arg>secret_sauce</arg>
<status status="PASS" start="2026-05-12T17:52:36.634086" elapsed="1.240197"/>
</kw>
<kw name="Page Should Contain" owner="SeleniumLibrary">
<msg time="2026-05-12T17:52:37.910265" level="INFO">Current page contains text 'Products'.</msg>
<arg>Products</arg>
<doc>Verifies that current page contains ``text``.</doc>
<status status="PASS" start="2026-05-12T17:52:37.879844" elapsed="0.030586"/>
</kw>
<doc>Verify that a valid user can log in successfully.</doc>
<tag>Smoke</tag>
<status status="PASS" start="2026-05-12T17:52:36.624119" elapsed="1.288029"/>
</test>
<kw name="Close Browser" owner="SeleniumLibrary" type="TEARDOWN">
<doc>Closes the current browser.</doc>
<status status="PASS" start="2026-05-12T17:52:37.915982" elapsed="4.412498"/>
</kw>
<status status="PASS" start="2026-05-12T17:52:33.624026" elapsed="8.704742"/>
</suite>
<suite id="s1-s3" name="Product Price Test" source="C:\Wipro Training\Robot\day15assignment\Tests\product_price_test.robot">
<kw name="Open Browser" owner="SeleniumLibrary" type="SETUP">
<msg time="2026-05-12T17:52:42.340265" level="INFO">Opening browser 'edge' to base url 'https://www.saucedemo.com'.</msg>
<arg>https://www.saucedemo.com</arg>
<arg>edge</arg>
<doc>Opens a new browser instance to the optional ``url``.</doc>
<status status="PASS" start="2026-05-12T17:52:42.339903" elapsed="2.884415"/>
</kw>
<test id="s1-s3-t1" name="Verify Product Prices" line="9">
<kw name="Set Test Documentation" owner="BuiltIn">
<msg time="2026-05-12T17:52:45.227488" level="INFO">Set test documentation to:
Verify that product prices are displayed correctly.</msg>
<arg>Verify that product prices are displayed correctly.</arg>
<doc>Sets documentation for the current test case.</doc>
<status status="PASS" start="2026-05-12T17:52:45.227042" elapsed="0.000521"/>
</kw>
<kw name="Login To Application" owner="login_resources">
<kw name="Input Text" owner="SeleniumLibrary">
<msg time="2026-05-12T17:52:45.250838" level="INFO">Typing text 'standard_user' into text field 'id:user-name'.</msg>
<arg>${USERNAME_FIELD}</arg>
<arg>${username}</arg>
<doc>Types the given ``text`` into the text field identified by ``locator``.</doc>
<status status="PASS" start="2026-05-12T17:52:45.250434" elapsed="0.562110"/>
</kw>
<kw name="Input Text" owner="SeleniumLibrary">
<msg time="2026-05-12T17:52:45.814801" level="INFO">Typing text 'secret_sauce' into text field 'id:password'.</msg>
<arg>${PASSWORD_FIELD}</arg>
<arg>${password}</arg>
<doc>Types the given ``text`` into the text field identified by ``locator``.</doc>
<status status="PASS" start="2026-05-12T17:52:45.814280" elapsed="0.180416"/>
</kw>
<kw name="Click Button" owner="SeleniumLibrary">
<msg time="2026-05-12T17:52:45.996437" level="INFO">Clicking button 'id:login-button'.</msg>
<arg>${LOGIN_BUTTON}</arg>
<doc>Clicks the button identified by ``locator``.</doc>
<status status="PASS" start="2026-05-12T17:52:45.996022" elapsed="0.266841"/>
</kw>
<arg>standard_user</arg>
<arg>secret_sauce</arg>
<status status="PASS" start="2026-05-12T17:52:45.249846" elapsed="1.014300"/>
</kw>
<kw name="Page Should Contain" owner="SeleniumLibrary">
<msg time="2026-05-12T17:52:46.312026" level="INFO">Current page contains text '$29.99'.</msg>
<arg>$29.99</arg>
<doc>Verifies that current page contains ``text``.</doc>
<status status="PASS" start="2026-05-12T17:52:46.271943" elapsed="0.040230"/>
</kw>
<doc>Verify that product prices are displayed correctly.</doc>
<tag>Regression</tag>
<status status="PASS" start="2026-05-12T17:52:45.225436" elapsed="1.088479"/>
</test>
<kw name="Close Browser" owner="SeleniumLibrary" type="TEARDOWN">
<doc>Closes the current browser.</doc>
<status status="PASS" start="2026-05-12T17:52:46.317661" elapsed="3.950126"/>
</kw>
<status status="PASS" start="2026-05-12T17:52:42.332190" elapsed="7.935917"/>
</suite>
<status status="FAIL" start="2026-05-12T17:52:19.053940" elapsed="31.217430"/>
</suite>
<statistics>
<total>
<stat pass="2" fail="3" skip="0">All Tests</stat>
</total>
<tag>
<stat pass="0" fail="2" skip="0">Critical</stat>
<stat pass="1" fail="3" skip="0">Regression</stat>
<stat pass="1" fail="1" skip="0">Smoke</stat>
</tag>
<suite>
<stat name="Tests" id="s1" pass="2" fail="3" skip="0">Tests</stat>
<stat name="Invalid Login Tests" id="s1-s1" pass="0" fail="3" skip="0">Tests.Invalid Login Tests</stat>
<stat name="Login Test" id="s1-s2" pass="1" fail="0" skip="0">Tests.Login Test</stat>
<stat name="Product Price Test" id="s1-s3" pass="1" fail="0" skip="0">Tests.Product Price Test</stat>
</suite>
</statistics>
<errors>
</errors>
</robot>
